%!Adobe-FontList 1.14
%Locale:0x804

%BeginFont
Handler:DirectoryHandler
FontType:Invalid
OutlineFileName:E:\html\c潮州移动管理平台\Font\demo.css
FileModTime:1454379498
%EndFont

%BeginFont
Handler:DirectoryHandler
FontType:Invalid
OutlineFileName:E:\html\c潮州移动管理平台\Font\demo.html
FileModTime:1454379498
%EndFont

%BeginFont
Handler:DirectoryHandler
FontType:Invalid
OutlineFileName:E:\html\c潮州移动管理平台\Font\iconfont.css
FileModTime:1454383744
%EndFont

%BeginFont
Handler:DirectoryHandler
FontType:Invalid
OutlineFileName:E:\html\c潮州移动管理平台\Font\iconfont.eot
FileModTime:1454379498
%EndFont

%BeginFont
Handler:DirectoryHandler
FontType:Invalid
OutlineFileName:E:\html\c潮州移动管理平台\Font\iconfont.svg
FileModTime:1454379496
%EndFont

%BeginFont
Handler:DirectoryHandler
FontType:TrueType
FontName:iconfont
FamilyName:iconfont
StyleName:Medium
FullName:iconfont
MenuName:iconfont
StyleBits:0
WritingScript:Roman
OutlineFileName:E:\html\c潮州移动管理平台\Font\iconfont.ttf
DataFormat:sfntData
FileLength:9948
FileModTime:1454379496
WeightClass:500
WidthClass:5
AngleClass:0
%EndFont

%BeginFont
Handler:DirectoryHandler
FontType:Invalid
OutlineFileName:E:\html\c潮州移动管理平台\Font\iconfont.woff
FileModTime:1454379496
%EndFont

%BeginFont
Handler:DirectoryHandler
FontType:Invalid
OutlineFileName:E:\html\c潮州移动管理平台\Font\ux_1447642041_6742811\demo.css
FileModTime:1447642044
%EndFont

%BeginFont
Handler:DirectoryHandler
FontType:Invalid
OutlineFileName:E:\html\c潮州移动管理平台\Font\ux_1447642041_6742811\demo.html
FileModTime:1447642044
%EndFont

%BeginFont
Handler:DirectoryHandler
FontType:Invalid
OutlineFileName:E:\html\c潮州移动管理平台\Font\ux_1447642041_6742811\iconfont.css
FileModTime:1447642044
%EndFont

%BeginFont
Handler:DirectoryHandler
FontType:Invalid
OutlineFileName:E:\html\c潮州移动管理平台\Font\ux_1447642041_6742811\iconfont.eot
FileModTime:1447642044
%EndFont

%BeginFont
Handler:DirectoryHandler
FontType:Invalid
OutlineFileName:E:\html\c潮州移动管理平台\Font\ux_1447642041_6742811\iconfont.svg
FileModTime:1447642044
%EndFont

%BeginFont
Handler:DirectoryHandler
FontType:TrueType
FontName:iconfont
FamilyName:iconfont
StyleName:Medium
FullName:iconfont
MenuName:iconfont
StyleBits:0
WritingScript:Roman
OutlineFileName:E:\html\c潮州移动管理平台\Font\ux_1447642041_6742811\iconfont.ttf
DataFormat:sfntData
FileLength:18444
FileModTime:1447642044
WeightClass:500
WidthClass:5
AngleClass:0
%EndFont

%BeginFont
Handler:DirectoryHandler
FontType:Invalid
OutlineFileName:E:\html\c潮州移动管理平台\Font\ux_1447642041_6742811\iconfont.woff
FileModTime:1447642044
%EndFont

